# JRE version: OpenJDK Runtime Environment (17.0.11) (build 17.0.11+0--11852314)
# Java VM: OpenJDK 64-Bit Server VM (17.0.11+0--11852314, mixed mode, tiered, compressed oops, compressed class ptrs, g1 gc, windows-amd64)
GC Precious Log:
 CPUs: 8 total, 8 available
 Memory: 8025M
 Large Page Support: Disabled
 NUMA Support: Disabled
 Compressed Oops: Enabled (Zero based)
 Heap Region Size: 4M
 Heap Min Capacity: 8M
 Heap Initial Capacity: 128M
 Heap Max Capacity: 6G
 Pre-touch: Disabled
 Parallel Workers: 8
 Concurrent Workers: 2
 Concurrent Refinement Workers: 8
 Periodic GC: Disabled
Heap:
 garbage-first heap   total 1138688K, used 433831K [0x0000000680000000, 0x0000000800000000)
  region size 4096K, 5 young (20480K), 5 survivors (20480K)
 Metaspace       used 174209K, committed 176128K, reserved 1245184K
  class space    used 22850K, committed 23744K, reserved 1048576K
GC Heap History (20 events):
Event: 325.129 GC heap after
{Heap after GC invocations=105 (full 0):
 garbage-first heap   total 1138688K, used 400629K [0x0000000680000000, 0x0000000800000000)
  region size 4096K, 4 young (16384K), 4 survivors (16384K)
 Metaspace       used 155408K, committed 157696K, reserved 1245184K
  class space    used 20051K, committed 21184K, reserved 1048576K
}
Event: 331.628 GC heap before
{Heap before GC invocations=105 (full 0):
 garbage-first heap   total 1138688K, used 916725K [0x0000000680000000, 0x0000000800000000)
  region size 4096K, 131 young (536576K), 4 survivors (16384K)
 Metaspace       used 171559K, committed 173504K, reserved 1245184K
  class space    used 22668K, committed 23552K, reserved 1048576K
}
Event: 331.787 GC heap after
{Heap after GC invocations=106 (full 0):
 garbage-first heap   total 1138688K, used 438551K [0x0000000680000000, 0x0000000800000000)
  region size 4096K, 14 young (57344K), 14 survivors (57344K)
 Metaspace       used 171559K, committed 173504K, reserved 1245184K
  class space    used 22668K, committed 23552K, reserved 1048576K
}
Event: 342.282 GC heap before
{Heap before GC invocations=107 (full 0):
 garbage-first heap   total 1138688K, used 839959K [0x0000000680000000, 0x0000000800000000)
  region size 4096K, 113 young (462848K), 14 survivors (57344K)
 Metaspace       used 172516K, committed 174464K, reserved 1245184K
  class space    used 22683K, committed 23616K, reserved 1048576K
}
Event: 342.646 GC heap after
{Heap after GC invocations=108 (full 0):
 garbage-first heap   total 1138688K, used 375222K [0x0000000680000000, 0x0000000800000000)
  region size 4096K, 8 young (32768K), 8 survivors (32768K)
 Metaspace       used 172516K, committed 174464K, reserved 1245184K
  class space    used 22683K, committed 23616K, reserved 1048576K
}
Event: 342.807 GC heap before
{Heap before GC invocations=108 (full 0):
 garbage-first heap   total 1138688K, used 391606K [0x0000000680000000, 0x0000000800000000)
  region size 4096K, 13 young (53248K), 8 survivors (32768K)
 Metaspace       used 172558K, committed 174528K, reserved 1245184K
  class space    used 22683K, committed 23616K, reserved 1048576K
}
Event: 342.882 GC heap after
{Heap after GC invocations=109 (full 0):
 garbage-first heap   total 1138688K, used 367360K [0x0000000680000000, 0x0000000800000000)
  region size 4096K, 2 young (8192K), 2 survivors (8192K)
 Metaspace       used 172558K, committed 174528K, reserved 1245184K
  class space    used 22683K, committed 23616K, reserved 1048576K
}
Event: 346.017 GC heap before
{Heap before GC invocations=109 (full 0):
 garbage-first heap   total 1138688K, used 768768K [0x0000000680000000, 0x0000000800000000)
  region size 4096K, 100 young (409600K), 2 survivors (8192K)
 Metaspace       used 173063K, committed 175040K, reserved 1245184K
  class space    used 22716K, committed 23616K, reserved 1048576K
}
Event: 346.095 GC heap after
{Heap after GC invocations=110 (full 0):
 garbage-first heap   total 1138688K, used 404436K [0x0000000680000000, 0x0000000800000000)
  region size 4096K, 11 young (45056K), 11 survivors (45056K)
 Metaspace       used 173063K, committed 175040K, reserved 1245184K
  class space    used 22716K, committed 23616K, reserved 1048576K
}
Event: 348.007 GC heap before
{Heap before GC invocations=110 (full 0):
 garbage-first heap   total 1138688K, used 609236K [0x0000000680000000, 0x0000000800000000)
  region size 4096K, 61 young (249856K), 11 survivors (45056K)
 Metaspace       used 173621K, committed 175616K, reserved 1245184K
  class space    used 22788K, committed 23680K, reserved 1048576K
}
Event: 348.164 GC heap after
{Heap after GC invocations=111 (full 0):
 garbage-first heap   total 1138688K, used 415398K [0x0000000680000000, 0x0000000800000000)
  region size 4096K, 4 young (16384K), 4 survivors (16384K)
 Metaspace       used 173621K, committed 175616K, reserved 1245184K
  class space    used 22788K, committed 23680K, reserved 1048576K
}
Event: 352.063 GC heap before
{Heap before GC invocations=111 (full 0):
 garbage-first heap   total 1138688K, used 878246K [0x0000000680000000, 0x0000000800000000)
  region size 4096K, 117 young (479232K), 4 survivors (16384K)
 Metaspace       used 173888K, committed 175872K, reserved 1245184K
  class space    used 22826K, committed 23744K, reserved 1048576K
}
Event: 352.156 GC heap after
{Heap after GC invocations=112 (full 0):
 garbage-first heap   total 1138688K, used 426422K [0x0000000680000000, 0x0000000800000000)
  region size 4096K, 7 young (28672K), 7 survivors (28672K)
 Metaspace       used 173888K, committed 175872K, reserved 1245184K
  class space    used 22826K, committed 23744K, reserved 1048576K
}
Event: 355.331 GC heap before
{Heap before GC invocations=112 (full 0):
 garbage-first heap   total 1138688K, used 885174K [0x0000000680000000, 0x0000000800000000)
  region size 4096K, 120 young (491520K), 7 survivors (28672K)
 Metaspace       used 174011K, committed 176000K, reserved 1245184K
  class space    used 22838K, committed 23744K, reserved 1048576K
}
Event: 355.384 GC heap after
{Heap after GC invocations=113 (full 0):
 garbage-first heap   total 1138688K, used 429552K [0x0000000680000000, 0x0000000800000000)
  region size 4096K, 8 young (32768K), 8 survivors (32768K)
 Metaspace       used 174011K, committed 176000K, reserved 1245184K
  class space    used 22838K, committed 23744K, reserved 1048576K
}
Event: 360.923 GC heap before
{Heap before GC invocations=114 (full 0):
 garbage-first heap   total 1138688K, used 925168K [0x0000000680000000, 0x0000000800000000)
  region size 4096K, 130 young (532480K), 8 survivors (32768K)
 Metaspace       used 174173K, committed 176128K, reserved 1245184K
  class space    used 22849K, committed 23744K, reserved 1048576K
}
Event: 360.975 GC heap after
{Heap after GC invocations=115 (full 0):
 garbage-first heap   total 1138688K, used 429043K [0x0000000680000000, 0x0000000800000000)
  region size 4096K, 8 young (32768K), 8 survivors (32768K)
 Metaspace       used 174173K, committed 176128K, reserved 1245184K
  class space    used 22849K, committed 23744K, reserved 1048576K
}
Event: 361.177 GC heap before
{Heap before GC invocations=115 (full 0):
 garbage-first heap   total 1138688K, used 449523K [0x0000000680000000, 0x0000000800000000)
  region size 4096K, 13 young (53248K), 8 survivors (32768K)
 Metaspace       used 174173K, committed 176128K, reserved 1245184K
  class space    used 22849K, committed 23744K, reserved 1048576K
}
Event: 361.392 GC heap after
{Heap after GC invocations=116 (full 0):
 garbage-first heap   total 1138688K, used 420483K [0x0000000680000000, 0x0000000800000000)
  region size 4096K, 2 young (8192K), 2 survivors (8192K)
 Metaspace       used 174173K, committed 176128K, reserved 1245184K
  class space    used 22849K, committed 23744K, reserved 1048576K
}
Event: 365.241 GC heap before
{Heap before GC invocations=116 (full 0):
 garbage-first heap   total 1138688K, used 944771K [0x0000000680000000, 0x0000000800000000)
  region size 4096K, 130 young (532480K), 2 survivors (8192K)
 Metaspace       used 174209K, committed 176128K, reserved 1245184K
  class space    used 22850K, committed 23744K, reserved 1048576K
}

