# JRE version: OpenJDK Runtime Environment (17.0.11) (build 17.0.11+0--11852314)
# Java VM: OpenJDK 64-Bit Server VM (17.0.11+0--11852314, mixed mode, tiered, compressed oops, compressed class ptrs, g1 gc, windows-amd64)
GC Precious Log:
 CPUs: 8 total, 8 available
 Memory: 8025M
 Large Page Support: Disabled
 NUMA Support: Disabled
 Compressed Oops: Enabled (Zero based)
 Heap Region Size: 4M
 Heap Min Capacity: 8M
 Heap Initial Capacity: 128M
 Heap Max Capacity: 6G
 Pre-touch: Disabled
 Parallel Workers: 8
 Concurrent Workers: 2
 Concurrent Refinement Workers: 8
 Periodic GC: Disabled
Heap:
 garbage-first heap   total 1839104K, used 537277K [0x0000000680000000, 0x0000000800000000)
  region size 4096K, 3 young (12288K), 3 survivors (12288K)
 Metaspace       used 131531K, committed 133312K, reserved 1179648K
  class space    used 17964K, committed 18752K, reserved 1048576K
GC Heap History (20 events):
Event: 316.262 GC heap after
{Heap after GC invocations=93 (full 0):
 garbage-first heap   total 1839104K, used 479815K [0x0000000680000000, 0x0000000800000000)
  region size 4096K, 3 young (12288K), 3 survivors (12288K)
 Metaspace       used 130966K, committed 132864K, reserved 1179648K
  class space    used 17926K, committed 18752K, reserved 1048576K
}
Event: 321.808 GC heap before
{Heap before GC invocations=93 (full 0):
 garbage-first heap   total 1839104K, used 1323591K [0x0000000680000000, 0x0000000800000000)
  region size 4096K, 209 young (856064K), 3 survivors (12288K)
 Metaspace       used 131212K, committed 133056K, reserved 1179648K
  class space    used 17960K, committed 18752K, reserved 1048576K
}
Event: 321.897 GC heap after
{Heap after GC invocations=94 (full 0):
 garbage-first heap   total 1839104K, used 503467K [0x0000000680000000, 0x0000000800000000)
  region size 4096K, 9 young (36864K), 9 survivors (36864K)
 Metaspace       used 131212K, committed 133056K, reserved 1179648K
  class space    used 17960K, committed 18752K, reserved 1048576K
}
Event: 324.980 GC heap before
{Heap before GC invocations=94 (full 0):
 garbage-first heap   total 1839104K, used 1060523K [0x0000000680000000, 0x0000000800000000)
  region size 4096K, 145 young (593920K), 9 survivors (36864K)
 Metaspace       used 131221K, committed 133056K, reserved 1179648K
  class space    used 17960K, committed 18752K, reserved 1048576K
}
Event: 325.025 GC heap after
{Heap after GC invocations=95 (full 0):
 garbage-first heap   total 1839104K, used 500942K [0x0000000680000000, 0x0000000800000000)
  region size 4096K, 8 young (32768K), 8 survivors (32768K)
 Metaspace       used 131221K, committed 133056K, reserved 1179648K
  class space    used 17960K, committed 18752K, reserved 1048576K
}
Event: 329.734 GC heap before
{Heap before GC invocations=95 (full 0):
 garbage-first heap   total 1839104K, used 1307854K [0x0000000680000000, 0x0000000800000000)
  region size 4096K, 205 young (839680K), 8 survivors (32768K)
 Metaspace       used 131265K, committed 133120K, reserved 1179648K
  class space    used 17960K, committed 18752K, reserved 1048576K
}
Event: 329.787 GC heap after
{Heap after GC invocations=96 (full 0):
 garbage-first heap   total 1839104K, used 503046K [0x0000000680000000, 0x0000000800000000)
  region size 4096K, 9 young (36864K), 9 survivors (36864K)
 Metaspace       used 131265K, committed 133120K, reserved 1179648K
  class space    used 17960K, committed 18752K, reserved 1048576K
}
Event: 342.013 GC heap before
{Heap before GC invocations=96 (full 0):
 garbage-first heap   total 1839104K, used 1568006K [0x0000000680000000, 0x0000000800000000)
  region size 4096K, 269 young (1101824K), 9 survivors (36864K)
 Metaspace       used 131284K, committed 133120K, reserved 1179648K
  class space    used 17960K, committed 18752K, reserved 1048576K
}
Event: 342.230 GC heap after
{Heap after GC invocations=97 (full 0):
 garbage-first heap   total 1839104K, used 505478K [0x0000000680000000, 0x0000000800000000)
  region size 4096K, 9 young (36864K), 9 survivors (36864K)
 Metaspace       used 131284K, committed 133120K, reserved 1179648K
  class space    used 17960K, committed 18752K, reserved 1048576K
}
Event: 353.044 GC heap before
{Heap before GC invocations=97 (full 0):
 garbage-first heap   total 1839104K, used 1447558K [0x0000000680000000, 0x0000000800000000)
  region size 4096K, 239 young (978944K), 9 survivors (36864K)
 Metaspace       used 131326K, committed 133184K, reserved 1179648K
  class space    used 17960K, committed 18752K, reserved 1048576K
}
Event: 353.144 GC heap after
{Heap after GC invocations=98 (full 0):
 garbage-first heap   total 1839104K, used 508179K [0x0000000680000000, 0x0000000800000000)
  region size 4096K, 10 young (40960K), 10 survivors (40960K)
 Metaspace       used 131326K, committed 133184K, reserved 1179648K
  class space    used 17960K, committed 18752K, reserved 1048576K
}
Event: 360.563 GC heap before
{Heap before GC invocations=98 (full 0):
 garbage-first heap   total 1839104K, used 1405203K [0x0000000680000000, 0x0000000800000000)
  region size 4096K, 229 young (937984K), 10 survivors (40960K)
 Metaspace       used 131364K, committed 133184K, reserved 1179648K
  class space    used 17961K, committed 18752K, reserved 1048576K
}
Event: 360.650 GC heap after
{Heap after GC invocations=99 (full 0):
 garbage-first heap   total 1839104K, used 523840K [0x0000000680000000, 0x0000000800000000)
  region size 4096K, 14 young (57344K), 14 survivors (57344K)
 Metaspace       used 131364K, committed 133184K, reserved 1179648K
  class space    used 17961K, committed 18752K, reserved 1048576K
}
Event: 365.529 GC heap before
{Heap before GC invocations=99 (full 0):
 garbage-first heap   total 1839104K, used 1355328K [0x0000000680000000, 0x0000000800000000)
  region size 4096K, 217 young (888832K), 14 survivors (57344K)
 Metaspace       used 131382K, committed 133184K, reserved 1179648K
  class space    used 17961K, committed 18752K, reserved 1048576K
}
Event: 365.696 GC heap after
{Heap after GC invocations=100 (full 0):
 garbage-first heap   total 1839104K, used 522069K [0x0000000680000000, 0x0000000800000000)
  region size 4096K, 13 young (53248K), 13 survivors (53248K)
 Metaspace       used 131382K, committed 133184K, reserved 1179648K
  class space    used 17961K, committed 18752K, reserved 1048576K
}
Event: 374.539 GC heap before
{Heap before GC invocations=100 (full 0):
 garbage-first heap   total 1839104K, used 1566549K [0x0000000680000000, 0x0000000800000000)
  region size 4096K, 268 young (1097728K), 13 survivors (53248K)
 Metaspace       used 131531K, committed 133312K, reserved 1179648K
  class space    used 17964K, committed 18752K, reserved 1048576K
}
Event: 375.313 GC heap after
{Heap after GC invocations=101 (full 0):
 garbage-first heap   total 1839104K, used 554837K [0x0000000680000000, 0x0000000800000000)
  region size 4096K, 21 young (86016K), 21 survivors (86016K)
 Metaspace       used 131531K, committed 133312K, reserved 1179648K
  class space    used 17964K, committed 18752K, reserved 1048576K
}
Event: 375.361 GC heap before
{Heap before GC invocations=101 (full 0):
 garbage-first heap   total 1839104K, used 554837K [0x0000000680000000, 0x0000000800000000)
  region size 4096K, 22 young (90112K), 21 survivors (86016K)
 Metaspace       used 131531K, committed 133312K, reserved 1179648K
  class space    used 17964K, committed 18752K, reserved 1048576K
}
Event: 376.684 GC heap after
{Heap after GC invocations=102 (full 0):
 garbage-first heap   total 1839104K, used 534271K [0x0000000680000000, 0x0000000800000000)
  region size 4096K, 3 young (12288K), 3 survivors (12288K)
 Metaspace       used 131531K, committed 133312K, reserved 1179648K
  class space    used 17964K, committed 18752K, reserved 1048576K
}
Event: 377.361 GC heap before
{Heap before GC invocations=102 (full 0):
 garbage-first heap   total 1839104K, used 612095K [0x0000000680000000, 0x0000000800000000)
  region size 4096K, 22 young (90112K), 3 survivors (12288K)
 Metaspace       used 131531K, committed 133312K, reserved 1179648K
  class space    used 17964K, committed 18752K, reserved 1048576K
}

